<?xml version="1.0" encoding="UTF-8" standalone="no"?>
<testsuite failures="0" name="cucumber.runtime.formatter.JUnitFormatter" skipped="0" tests="1" time="31.826666">
<testcase classname="Explain and Show how Uber WebSite" name="" time="31.826666">
<system-out><![CDATA[Given User have no result...................................................passed
When User browse to the Uber ride estimation page...........................passed
Then Uber ride estimation  page should display..............................passed
Then User enter pick up location as "19 Cornish st ,Staten Island NY "......passed
And User enter drop off location as " 220 Riverside blvd , New York NY".....passed
Then Uber price estimator table  should display.............................passed
]]></system-out>
</testcase>
</testsuite>
