<?xml version="1.0" encoding="UTF-8"?>
<testsuite xmlns:xsi="http://www.w3.org/2001/XMLSchema-instance" xsi:noNamespaceSchemaLocation="https://maven.apache.org/surefire/maven-surefire-plugin/xsd/surefire-test-report.xsd" name="Runer.BDDruner" time="10.988" tests="10" errors="0" skipped="0" failures="0">
  <properties>
    <property name="gopherProxySet" value="false"/>
    <property name="awt.toolkit" value="sun.lwawt.macosx.LWCToolkit"/>
    <property name="file.encoding.pkg" value="sun.io"/>
    <property name="java.specification.version" value="1.8"/>
    <property name="sun.cpu.isalist" value=""/>
    <property name="sun.jnu.encoding" value="UTF-8"/>
    <property name="java.class.path" value="/Users/arthur/arthur718/target/test-classes:/Users/arthur/arthur718/target/classes:/Users/arthur/.m2/repository/org/seleniumhq/selenium/selenium-java/3.141.59/selenium-java-3.141.59.jar:/Users/arthur/.m2/repository/org/seleniumhq/selenium/selenium-api/3.141.59/selenium-api-3.141.59.jar:/Users/arthur/.m2/repository/org/seleniumhq/selenium/selenium-edge-driver/3.141.59/selenium-edge-driver-3.141.59.jar:/Users/arthur/.m2/repository/org/seleniumhq/selenium/selenium-firefox-driver/3.141.59/selenium-firefox-driver-3.141.59.jar:/Users/arthur/.m2/repository/org/seleniumhq/selenium/selenium-ie-driver/3.141.59/selenium-ie-driver-3.141.59.jar:/Users/arthur/.m2/repository/org/seleniumhq/selenium/selenium-opera-driver/3.141.59/selenium-opera-driver-3.141.59.jar:/Users/arthur/.m2/repository/org/seleniumhq/selenium/selenium-remote-driver/3.141.59/selenium-remote-driver-3.141.59.jar:/Users/arthur/.m2/repository/org/seleniumhq/selenium/selenium-safari-driver/3.141.59/selenium-safari-driver-3.141.59.jar:/Users/arthur/.m2/repository/org/seleniumhq/selenium/selenium-support/3.141.59/selenium-support-3.141.59.jar:/Users/arthur/.m2/repository/net/bytebuddy/byte-buddy/1.8.15/byte-buddy-1.8.15.jar:/Users/arthur/.m2/repository/org/apache/commons/commons-exec/1.3/commons-exec-1.3.jar:/Users/arthur/.m2/repository/com/google/guava/guava/25.0-jre/guava-25.0-jre.jar:/Users/arthur/.m2/repository/com/google/code/findbugs/jsr305/1.3.9/jsr305-1.3.9.jar:/Users/arthur/.m2/repository/org/checkerframework/checker-compat-qual/2.0.0/checker-compat-qual-2.0.0.jar:/Users/arthur/.m2/repository/com/google/errorprone/error_prone_annotations/2.1.3/error_prone_annotations-2.1.3.jar:/Users/arthur/.m2/repository/com/google/j2objc/j2objc-annotations/1.1/j2objc-annotations-1.1.jar:/Users/arthur/.m2/repository/org/codehaus/mojo/animal-sniffer-annotations/1.14/animal-sniffer-annotations-1.14.jar:/Users/arthur/.m2/repository/com/squareup/okhttp3/okhttp/3.11.0/okhttp-3.11.0.jar:/Users/arthur/.m2/repository/com/squareup/okio/okio/1.14.0/okio-1.14.0.jar:/Users/arthur/.m2/repository/junit/junit/4.12/junit-4.12.jar:/Users/arthur/.m2/repository/org/hamcrest/hamcrest-core/1.3/hamcrest-core-1.3.jar:/Users/arthur/.m2/repository/net/sourceforge/jexcelapi/jxl/2.6.12/jxl-2.6.12.jar:/Users/arthur/.m2/repository/log4j/log4j/1.2.14/log4j-1.2.14.jar:/Users/arthur/.m2/repository/org/apache/poi/poi-ooxml/3.17/poi-ooxml-3.17.jar:/Users/arthur/.m2/repository/org/apache/poi/poi/3.17/poi-3.17.jar:/Users/arthur/.m2/repository/commons-codec/commons-codec/1.10/commons-codec-1.10.jar:/Users/arthur/.m2/repository/org/apache/commons/commons-collections4/4.1/commons-collections4-4.1.jar:/Users/arthur/.m2/repository/org/apache/poi/poi-ooxml-schemas/3.17/poi-ooxml-schemas-3.17.jar:/Users/arthur/.m2/repository/org/apache/xmlbeans/xmlbeans/2.6.0/xmlbeans-2.6.0.jar:/Users/arthur/.m2/repository/stax/stax-api/1.0.1/stax-api-1.0.1.jar:/Users/arthur/.m2/repository/com/github/virtuald/curvesapi/1.04/curvesapi-1.04.jar:/Users/arthur/.m2/repository/info/cukes/cucumber-java/1.2.5/cucumber-java-1.2.5.jar:/Users/arthur/.m2/repository/info/cukes/cucumber-core/1.2.5/cucumber-core-1.2.5.jar:/Users/arthur/.m2/repository/info/cukes/cucumber-html/0.2.3/cucumber-html-0.2.3.jar:/Users/arthur/.m2/repository/info/cukes/gherkin/2.12.2/gherkin-2.12.2.jar:/Users/arthur/.m2/repository/info/cukes/cucumber-jvm-deps/1.0.5/cucumber-jvm-deps-1.0.5.jar:/Users/arthur/.m2/repository/info/cukes/cucumber-junit/1.2.5/cucumber-junit-1.2.5.jar:/Users/arthur/.m2/repository/io/cucumber/cucumber-junit/4.3.1/cucumber-junit-4.3.1.jar:/Users/arthur/.m2/repository/io/cucumber/cucumber-core/4.3.1/cucumber-core-4.3.1.jar:/Users/arthur/.m2/repository/io/cucumber/cucumber-html/0.2.7/cucumber-html-0.2.7.jar:/Users/arthur/.m2/repository/io/cucumber/tag-expressions/1.1.1/tag-expressions-1.1.1.jar:/Users/arthur/.m2/repository/io/cucumber/cucumber-expressions/6.2.2/cucumber-expressions-6.2.2.jar:/Users/arthur/.m2/repository/io/cucumber/datatable/1.1.12/datatable-1.1.12.jar:/Users/arthur/.m2/repository/io/cucumber/datatable-dependencies/1.1.12/datatable-dependencies-1.1.12.jar:/Users/arthur/.m2/repository/com/vimalselvam/cucumber-extentsreport/3.0.2/cucumber-extentsreport-3.0.2.jar:/Users/arthur/.m2/repository/com/aventstack/extentreports/3.1.2/extentreports-3.1.2.jar:/Users/arthur/.m2/repository/org/freemarker/freemarker/2.3.23/freemarker-2.3.23.jar:/Users/arthur/.m2/repository/org/mongodb/mongodb-driver/3.3.0/mongodb-driver-3.3.0.jar:/Users/arthur/.m2/repository/org/mongodb/bson/3.3.0/bson-3.3.0.jar:/Users/arthur/.m2/repository/org/mongodb/mongodb-driver-core/3.3.0/mongodb-driver-core-3.3.0.jar:/Users/arthur/.m2/repository/org/apache/httpcomponents/httpclient/4.5.2/httpclient-4.5.2.jar:/Users/arthur/.m2/repository/org/apache/httpcomponents/httpcore/4.4.4/httpcore-4.4.4.jar:/Users/arthur/.m2/repository/commons-logging/commons-logging/1.2/commons-logging-1.2.jar:/Users/arthur/.m2/repository/org/apache/httpcomponents/httpmime/4.5.2/httpmime-4.5.2.jar:/Users/arthur/.m2/repository/org/jsoup/jsoup/1.9.2/jsoup-1.9.2.jar:/Users/arthur/.m2/repository/com/google/code/gson/gson/2.8.0/gson-2.8.0.jar:/Users/arthur/.m2/repository/org/jetbrains/kotlin/kotlin-stdlib-jdk8/1.3.31/kotlin-stdlib-jdk8-1.3.31.jar:/Users/arthur/.m2/repository/org/jetbrains/kotlin/kotlin-stdlib/1.3.31/kotlin-stdlib-1.3.31.jar:/Users/arthur/.m2/repository/org/jetbrains/kotlin/kotlin-stdlib-common/1.3.31/kotlin-stdlib-common-1.3.31.jar:/Users/arthur/.m2/repository/org/jetbrains/annotations/13.0/annotations-13.0.jar:/Users/arthur/.m2/repository/org/jetbrains/kotlin/kotlin-stdlib-jdk7/1.3.31/kotlin-stdlib-jdk7-1.3.31.jar:/Users/arthur/.m2/repository/org/jetbrains/kotlin/kotlin-test/1.3.31/kotlin-test-1.3.31.jar:/Users/arthur/.m2/repository/org/jetbrains/kotlin/kotlin-test-common/1.3.31/kotlin-test-common-1.3.31.jar:/Users/arthur/.m2/repository/commons-io/commons-io/2.6/commons-io-2.6.jar:/Users/arthur/.m2/repository/com/github/temyers/cucumber-jvm-parallel-plugin/4.2.0/cucumber-jvm-parallel-plugin-4.2.0.jar:/Users/arthur/.m2/repository/org/apache/velocity/velocity/1.7/velocity-1.7.jar:/Users/arthur/.m2/repository/commons-collections/commons-collections/3.2.1/commons-collections-3.2.1.jar:/Users/arthur/.m2/repository/commons-lang/commons-lang/2.4/commons-lang-2.4.jar:/Users/arthur/.m2/repository/io/cucumber/gherkin/3.2.0/gherkin-3.2.0.jar:/Users/arthur/.m2/repository/io/cucumber/gherkin-jvm-deps/1.0.4/gherkin-jvm-deps-1.0.4.jar:/Users/arthur/.m2/repository/org/apache/commons/commons-lang3/3.5/commons-lang3-3.5.jar:/Users/arthur/.m2/repository/io/github/bonigarcia/webdrivermanager/3.5.0/webdrivermanager-3.5.0.jar:/Users/arthur/.m2/repository/org/slf4j/slf4j-api/1.7.25/slf4j-api-1.7.25.jar:/Users/arthur/.m2/repository/org/rauschig/jarchivelib/1.0.0/jarchivelib-1.0.0.jar:/Users/arthur/.m2/repository/org/apache/commons/commons-compress/1.18/commons-compress-1.18.jar:/Users/arthur/.m2/repository/org/seleniumhq/selenium/selenium-chrome-driver/3.141.59/selenium-chrome-driver-3.141.59.jar:/Users/arthur/.m2/repository/org/projectlombok/lombok/1.18.2/lombok-1.18.2.jar:"/>
    <property name="java.vm.vendor" value="Oracle Corporation"/>
    <property name="sun.arch.data.model" value="64"/>
    <property name="java.vendor.url" value="http://java.oracle.com/"/>
    <property name="user.timezone" value=""/>
    <property name="java.vm.specification.version" value="1.8"/>
    <property name="os.name" value="Mac OS X"/>
    <property name="user.country" value="US"/>
    <property name="sun.java.launcher" value="SUN_STANDARD"/>
    <property name="sun.boot.library.path" value="/Library/Java/JavaVirtualMachines/jdk1.8.0_211.jdk/Contents/Home/jre/lib"/>
    <property name="sun.java.command" value="/Users/arthur/arthur718/target/surefire/surefirebooter8140996369124234255.jar /Users/arthur/arthur718/target/surefire 2019-06-10T18-33-30_427-jvmRun1 surefire5256914997977579010tmp surefire_07880521975380624679tmp"/>
    <property name="http.nonProxyHosts" value="local|*.local|169.254/16|*.169.254/16"/>
    <property name="surefire.test.class.path" value="/Users/arthur/arthur718/target/test-classes:/Users/arthur/arthur718/target/classes:/Users/arthur/.m2/repository/org/seleniumhq/selenium/selenium-java/3.141.59/selenium-java-3.141.59.jar:/Users/arthur/.m2/repository/org/seleniumhq/selenium/selenium-api/3.141.59/selenium-api-3.141.59.jar:/Users/arthur/.m2/repository/org/seleniumhq/selenium/selenium-edge-driver/3.141.59/selenium-edge-driver-3.141.59.jar:/Users/arthur/.m2/repository/org/seleniumhq/selenium/selenium-firefox-driver/3.141.59/selenium-firefox-driver-3.141.59.jar:/Users/arthur/.m2/repository/org/seleniumhq/selenium/selenium-ie-driver/3.141.59/selenium-ie-driver-3.141.59.jar:/Users/arthur/.m2/repository/org/seleniumhq/selenium/selenium-opera-driver/3.141.59/selenium-opera-driver-3.141.59.jar:/Users/arthur/.m2/repository/org/seleniumhq/selenium/selenium-remote-driver/3.141.59/selenium-remote-driver-3.141.59.jar:/Users/arthur/.m2/repository/org/seleniumhq/selenium/selenium-safari-driver/3.141.59/selenium-safari-driver-3.141.59.jar:/Users/arthur/.m2/repository/org/seleniumhq/selenium/selenium-support/3.141.59/selenium-support-3.141.59.jar:/Users/arthur/.m2/repository/net/bytebuddy/byte-buddy/1.8.15/byte-buddy-1.8.15.jar:/Users/arthur/.m2/repository/org/apache/commons/commons-exec/1.3/commons-exec-1.3.jar:/Users/arthur/.m2/repository/com/google/guava/guava/25.0-jre/guava-25.0-jre.jar:/Users/arthur/.m2/repository/com/google/code/findbugs/jsr305/1.3.9/jsr305-1.3.9.jar:/Users/arthur/.m2/repository/org/checkerframework/checker-compat-qual/2.0.0/checker-compat-qual-2.0.0.jar:/Users/arthur/.m2/repository/com/google/errorprone/error_prone_annotations/2.1.3/error_prone_annotations-2.1.3.jar:/Users/arthur/.m2/repository/com/google/j2objc/j2objc-annotations/1.1/j2objc-annotations-1.1.jar:/Users/arthur/.m2/repository/org/codehaus/mojo/animal-sniffer-annotations/1.14/animal-sniffer-annotations-1.14.jar:/Users/arthur/.m2/repository/com/squareup/okhttp3/okhttp/3.11.0/okhttp-3.11.0.jar:/Users/arthur/.m2/repository/com/squareup/okio/okio/1.14.0/okio-1.14.0.jar:/Users/arthur/.m2/repository/junit/junit/4.12/junit-4.12.jar:/Users/arthur/.m2/repository/org/hamcrest/hamcrest-core/1.3/hamcrest-core-1.3.jar:/Users/arthur/.m2/repository/net/sourceforge/jexcelapi/jxl/2.6.12/jxl-2.6.12.jar:/Users/arthur/.m2/repository/log4j/log4j/1.2.14/log4j-1.2.14.jar:/Users/arthur/.m2/repository/org/apache/poi/poi-ooxml/3.17/poi-ooxml-3.17.jar:/Users/arthur/.m2/repository/org/apache/poi/poi/3.17/poi-3.17.jar:/Users/arthur/.m2/repository/commons-codec/commons-codec/1.10/commons-codec-1.10.jar:/Users/arthur/.m2/repository/org/apache/commons/commons-collections4/4.1/commons-collections4-4.1.jar:/Users/arthur/.m2/repository/org/apache/poi/poi-ooxml-schemas/3.17/poi-ooxml-schemas-3.17.jar:/Users/arthur/.m2/repository/org/apache/xmlbeans/xmlbeans/2.6.0/xmlbeans-2.6.0.jar:/Users/arthur/.m2/repository/stax/stax-api/1.0.1/stax-api-1.0.1.jar:/Users/arthur/.m2/repository/com/github/virtuald/curvesapi/1.04/curvesapi-1.04.jar:/Users/arthur/.m2/repository/info/cukes/cucumber-java/1.2.5/cucumber-java-1.2.5.jar:/Users/arthur/.m2/repository/info/cukes/cucumber-core/1.2.5/cucumber-core-1.2.5.jar:/Users/arthur/.m2/repository/info/cukes/cucumber-html/0.2.3/cucumber-html-0.2.3.jar:/Users/arthur/.m2/repository/info/cukes/gherkin/2.12.2/gherkin-2.12.2.jar:/Users/arthur/.m2/repository/info/cukes/cucumber-jvm-deps/1.0.5/cucumber-jvm-deps-1.0.5.jar:/Users/arthur/.m2/repository/info/cukes/cucumber-junit/1.2.5/cucumber-junit-1.2.5.jar:/Users/arthur/.m2/repository/io/cucumber/cucumber-junit/4.3.1/cucumber-junit-4.3.1.jar:/Users/arthur/.m2/repository/io/cucumber/cucumber-core/4.3.1/cucumber-core-4.3.1.jar:/Users/arthur/.m2/repository/io/cucumber/cucumber-html/0.2.7/cucumber-html-0.2.7.jar:/Users/arthur/.m2/repository/io/cucumber/tag-expressions/1.1.1/tag-expressions-1.1.1.jar:/Users/arthur/.m2/repository/io/cucumber/cucumber-expressions/6.2.2/cucumber-expressions-6.2.2.jar:/Users/arthur/.m2/repository/io/cucumber/datatable/1.1.12/datatable-1.1.12.jar:/Users/arthur/.m2/repository/io/cucumber/datatable-dependencies/1.1.12/datatable-dependencies-1.1.12.jar:/Users/arthur/.m2/repository/com/vimalselvam/cucumber-extentsreport/3.0.2/cucumber-extentsreport-3.0.2.jar:/Users/arthur/.m2/repository/com/aventstack/extentreports/3.1.2/extentreports-3.1.2.jar:/Users/arthur/.m2/repository/org/freemarker/freemarker/2.3.23/freemarker-2.3.23.jar:/Users/arthur/.m2/repository/org/mongodb/mongodb-driver/3.3.0/mongodb-driver-3.3.0.jar:/Users/arthur/.m2/repository/org/mongodb/bson/3.3.0/bson-3.3.0.jar:/Users/arthur/.m2/repository/org/mongodb/mongodb-driver-core/3.3.0/mongodb-driver-core-3.3.0.jar:/Users/arthur/.m2/repository/org/apache/httpcomponents/httpclient/4.5.2/httpclient-4.5.2.jar:/Users/arthur/.m2/repository/org/apache/httpcomponents/httpcore/4.4.4/httpcore-4.4.4.jar:/Users/arthur/.m2/repository/commons-logging/commons-logging/1.2/commons-logging-1.2.jar:/Users/arthur/.m2/repository/org/apache/httpcomponents/httpmime/4.5.2/httpmime-4.5.2.jar:/Users/arthur/.m2/repository/org/jsoup/jsoup/1.9.2/jsoup-1.9.2.jar:/Users/arthur/.m2/repository/com/google/code/gson/gson/2.8.0/gson-2.8.0.jar:/Users/arthur/.m2/repository/org/jetbrains/kotlin/kotlin-stdlib-jdk8/1.3.31/kotlin-stdlib-jdk8-1.3.31.jar:/Users/arthur/.m2/repository/org/jetbrains/kotlin/kotlin-stdlib/1.3.31/kotlin-stdlib-1.3.31.jar:/Users/arthur/.m2/repository/org/jetbrains/kotlin/kotlin-stdlib-common/1.3.31/kotlin-stdlib-common-1.3.31.jar:/Users/arthur/.m2/repository/org/jetbrains/annotations/13.0/annotations-13.0.jar:/Users/arthur/.m2/repository/org/jetbrains/kotlin/kotlin-stdlib-jdk7/1.3.31/kotlin-stdlib-jdk7-1.3.31.jar:/Users/arthur/.m2/repository/org/jetbrains/kotlin/kotlin-test/1.3.31/kotlin-test-1.3.31.jar:/Users/arthur/.m2/repository/org/jetbrains/kotlin/kotlin-test-common/1.3.31/kotlin-test-common-1.3.31.jar:/Users/arthur/.m2/repository/commons-io/commons-io/2.6/commons-io-2.6.jar:/Users/arthur/.m2/repository/com/github/temyers/cucumber-jvm-parallel-plugin/4.2.0/cucumber-jvm-parallel-plugin-4.2.0.jar:/Users/arthur/.m2/repository/org/apache/velocity/velocity/1.7/velocity-1.7.jar:/Users/arthur/.m2/repository/commons-collections/commons-collections/3.2.1/commons-collections-3.2.1.jar:/Users/arthur/.m2/repository/commons-lang/commons-lang/2.4/commons-lang-2.4.jar:/Users/arthur/.m2/repository/io/cucumber/gherkin/3.2.0/gherkin-3.2.0.jar:/Users/arthur/.m2/repository/io/cucumber/gherkin-jvm-deps/1.0.4/gherkin-jvm-deps-1.0.4.jar:/Users/arthur/.m2/repository/org/apache/commons/commons-lang3/3.5/commons-lang3-3.5.jar:/Users/arthur/.m2/repository/io/github/bonigarcia/webdrivermanager/3.5.0/webdrivermanager-3.5.0.jar:/Users/arthur/.m2/repository/org/slf4j/slf4j-api/1.7.25/slf4j-api-1.7.25.jar:/Users/arthur/.m2/repository/org/rauschig/jarchivelib/1.0.0/jarchivelib-1.0.0.jar:/Users/arthur/.m2/repository/org/apache/commons/commons-compress/1.18/commons-compress-1.18.jar:/Users/arthur/.m2/repository/org/seleniumhq/selenium/selenium-chrome-driver/3.141.59/selenium-chrome-driver-3.141.59.jar:/Users/arthur/.m2/repository/org/projectlombok/lombok/1.18.2/lombok-1.18.2.jar:"/>
    <property name="sun.cpu.endian" value="little"/>
    <property name="user.home" value="/Users/arthur"/>
    <property name="user.language" value="en"/>
    <property name="java.specification.vendor" value="Oracle Corporation"/>
    <property name="java.home" value="/Library/Java/JavaVirtualMachines/jdk1.8.0_211.jdk/Contents/Home/jre"/>
    <property name="basedir" value="/Users/arthur/arthur718"/>
    <property name="file.separator" value="/"/>
    <property name="line.separator" value="&#10;"/>
    <property name="java.vm.specification.vendor" value="Oracle Corporation"/>
    <property name="java.specification.name" value="Java Platform API Specification"/>
    <property name="java.awt.graphicsenv" value="sun.awt.CGraphicsEnvironment"/>
    <property name="surefire.real.class.path" value="/Users/arthur/arthur718/target/surefire/surefirebooter8140996369124234255.jar"/>
    <property name="sun.boot.class.path" value="/Library/Java/JavaVirtualMachines/jdk1.8.0_211.jdk/Contents/Home/jre/lib/resources.jar:/Library/Java/JavaVirtualMachines/jdk1.8.0_211.jdk/Contents/Home/jre/lib/rt.jar:/Library/Java/JavaVirtualMachines/jdk1.8.0_211.jdk/Contents/Home/jre/lib/sunrsasign.jar:/Library/Java/JavaVirtualMachines/jdk1.8.0_211.jdk/Contents/Home/jre/lib/jsse.jar:/Library/Java/JavaVirtualMachines/jdk1.8.0_211.jdk/Contents/Home/jre/lib/jce.jar:/Library/Java/JavaVirtualMachines/jdk1.8.0_211.jdk/Contents/Home/jre/lib/charsets.jar:/Library/Java/JavaVirtualMachines/jdk1.8.0_211.jdk/Contents/Home/jre/lib/jfr.jar:/Library/Java/JavaVirtualMachines/jdk1.8.0_211.jdk/Contents/Home/jre/classes"/>
    <property name="sun.management.compiler" value="HotSpot 64-Bit Tiered Compilers"/>
    <property name="ftp.nonProxyHosts" value="local|*.local|169.254/16|*.169.254/16"/>
    <property name="java.runtime.version" value="1.8.0_211-b12"/>
    <property name="user.name" value="arthur"/>
    <property name="path.separator" value=":"/>
    <property name="os.version" value="10.14.5"/>
    <property name="java.endorsed.dirs" value="/Library/Java/JavaVirtualMachines/jdk1.8.0_211.jdk/Contents/Home/jre/lib/endorsed"/>
    <property name="java.runtime.name" value="Java(TM) SE Runtime Environment"/>
    <property name="file.encoding" value="UTF-8"/>
    <property name="java.vm.name" value="Java HotSpot(TM) 64-Bit Server VM"/>
    <property name="localRepository" value="/Users/arthur/.m2/repository"/>
    <property name="java.vendor.url.bug" value="http://bugreport.sun.com/bugreport/"/>
    <property name="java.io.tmpdir" value="/var/folders/82/5dp6rk595zxcd7gvlxr8wjh00000gn/T/"/>
    <property name="java.version" value="1.8.0_211"/>
    <property name="user.dir" value="/Users/arthur/arthur718"/>
    <property name="os.arch" value="x86_64"/>
    <property name="java.vm.specification.name" value="Java Virtual Machine Specification"/>
    <property name="java.awt.printerjob" value="sun.lwawt.macosx.CPrinterJob"/>
    <property name="sun.os.patch.level" value="unknown"/>
    <property name="idea.version2019.1.1" value="true"/>
    <property name="java.library.path" value="/Users/arthur/Library/Java/Extensions:/Library/Java/Extensions:/Network/Library/Java/Extensions:/System/Library/Java/Extensions:/usr/lib/java:."/>
    <property name="java.vm.info" value="mixed mode"/>
    <property name="java.vendor" value="Oracle Corporation"/>
    <property name="java.vm.version" value="25.211-b12"/>
    <property name="java.ext.dirs" value="/Users/arthur/Library/Java/Extensions:/Library/Java/JavaVirtualMachines/jdk1.8.0_211.jdk/Contents/Home/jre/lib/ext:/Library/Java/Extensions:/Network/Library/Java/Extensions:/System/Library/Java/Extensions:/usr/lib/java"/>
    <property name="sun.io.unicode.encoding" value="UnicodeBig"/>
    <property name="java.class.version" value="52.0"/>
    <property name="socksNonProxyHosts" value="local|*.local|169.254/16|*.169.254/16"/>
  </properties>
  <testcase name="Given Not a validated user" classname="Scenario: 1.Valid user with valid password" time="0.009"/>
  <testcase name="When User browse to the site" classname="Scenario: 1.Valid user with valid password" time="0"/>
  <testcase name="Then Spree home page should display" classname="Scenario: 1.Valid user with valid password" time="0"/>
  <testcase name="When User click login link" classname="Scenario: 1.Valid user with valid password" time="0"/>
  <testcase name="When User enter user email as &quot;shiftqa1@gmail.com&quot;" classname="Scenario: 1.Valid user with valid password" time="0"/>
  <testcase name="And User enter password as &quot;shiftedtech&quot;" classname="Scenario: 1.Valid user with valid password" time="0"/>
  <testcase name="Then User click login button" classname="Scenario: 1.Valid user with valid password" time="0"/>
  <testcase name="Then Home page should display" classname="Scenario: 1.Valid user with valid password" time="0"/>
  <testcase name="And Login success message display" classname="Scenario: 1.Valid user with valid password" time="0"/>
  <testcase name="Scenario: 1.Valid user with valid password" classname="Scenario: 1.Valid user with valid password" time="0.135"/>
</testsuite>